C:\Program Files (x86)\Microsoft Visual Studio\2017\Community\Common7\IDE\VC\VCTargets\Microsoft.CppBuild.targets(391,5): warning MSB8028: 중간 디렉터리(x64\Release\)에 다른 프로젝트(EDBPROJECT_pure.vcxproj, EDBPROJECT_pure1.vcxproj)에서 공유하는 파일이 포함되어 있습니다.  이로 인해 잘못된 정리 및 다시 빌드 동작이 수행될 수 있습니다.
  main.cpp
c:\users\noose\source\repos\phase_release_client\edbproject\main.cpp(44): warning C4244: '인수': 'time_t'에서 'unsigned int'(으)로 변환하면서 데이터가 손실될 수 있습니다.
c:\users\noose\source\repos\phase_release_client\edbproject\main.cpp(110): warning C4267: '초기화 중': 'size_t'에서 'int'(으)로 변환하면서 데이터가 손실될 수 있습니다.
c:\users\noose\source\repos\phase_release_client\edbproject\main.cpp(123): warning C4267: '초기화 중': 'size_t'에서 'int'(으)로 변환하면서 데이터가 손실될 수 있습니다.
c:\users\noose\source\repos\phase_release_client\edbproject\main.cpp(301): warning C4267: '=': 'size_t'에서 'int'(으)로 변환하면서 데이터가 손실될 수 있습니다.
c:\users\noose\source\repos\phase_release_client\edbproject\main.cpp(500): warning C4267: '=': 'size_t'에서 'int'(으)로 변환하면서 데이터가 손실될 수 있습니다.
c:\users\noose\source\repos\phase_release_client\edbproject\main.cpp(635): warning C4267: '인수': 'size_t'에서 'int'(으)로 변환하면서 데이터가 손실될 수 있습니다.
c:\users\noose\source\repos\phase_release_client\edbproject\main.cpp(647): warning C4267: '=': 'size_t'에서 'int'(으)로 변환하면서 데이터가 손실될 수 있습니다.
c:\users\noose\source\repos\phase_release_client\edbproject\main.cpp(774): warning C4267: '=': 'size_t'에서 'unsigned char'(으)로 변환하면서 데이터가 손실될 수 있습니다.
c:\users\noose\source\repos\phase_release_client\edbproject\main.cpp(932): warning C4267: '초기화 중': 'size_t'에서 'int'(으)로 변환하면서 데이터가 손실될 수 있습니다.
c:\users\noose\source\repos\phase_release_client\edbproject\main.cpp(935): warning C4101: 'temp' :참조되지 않은 지역 변수입니다.
  openssl.cpp
c:\users\noose\source\repos\phase_release_client\edbproject\openssl.cpp(116): warning C4267: '=': 'size_t'에서 'int'(으)로 변환하면서 데이터가 손실될 수 있습니다.
c:\users\noose\source\repos\phase_release_client\edbproject\openssl.cpp(171): warning C4267: '=': 'size_t'에서 'int'(으)로 변환하면서 데이터가 손실될 수 있습니다.
  코드를 생성하고 있습니다.
  All 799 functions were compiled because no usable IPDB/IOBJ from previous compilation was found.
  코드를 생성했습니다.
  EDBPROJECT.vcxproj -> C:\Users\noose\source\repos\Phase_release_client\x64\Release\EDBPROJECT_CLIENT.exe
          1개 파일이 복사되었습니다.
          1개 파일이 복사되었습니다.
